Using pre-set license
Built from '2020.3/staging' branch; Version is '2020.3.6f1 (338bb68529b2) revision 3378102'; Using compiler version '192528614'; Build Type 'Release'
OS: 'Windows 10 Home; OS build 22631.4037; Version 2009; 64bit' Language: 'en' Physical Memory: 32468 MB
BatchMode: 1, IsHumanControllingUs: 0, StartBugReporterOnCrash: 0, Is64bit: 1, IsPro: 0

 COMMAND LINE ARGUMENTS:
C:\Program Files\Unity\Hub\Editor\2020.3.6f1\Editor\Unity.exe
-adb2
-batchMode
-noUpm
-name
AssetImportWorker0
-projectPath
C:/Users/benso/OneDrive/Documents/Dialogue-Editor-Tutorial
-logFile
Logs/AssetImportWorker0.log
-srvPort
49268
Successfully changed project path to: C:/Users/benso/OneDrive/Documents/Dialogue-Editor-Tutorial
C:/Users/benso/OneDrive/Documents/Dialogue-Editor-Tutorial
Using Asset Import Pipeline V2.
Refreshing native plugins compatible for Editor in 14.53 ms, found 0 plugins.
Preloading 0 native plugins for Editor in 0.00 ms.
Initialize engine version: 2020.3.6f1 (338bb68529b2)
[Subsystems] Discovering subsystems at path C:/Program Files/Unity/Hub/Editor/2020.3.6f1/Editor/Data/Resources/UnitySubsystems
[Subsystems] Discovering subsystems at path C:/Users/benso/OneDrive/Documents/Dialogue-Editor-Tutorial/Assets
GfxDevice: creating device client; threaded=0
Direct3D:
    Version:  Direct3D 11.0 [level 11.1]
    Renderer: NVIDIA GeForce RTX 4070 Laptop GPU (ID=0x2820)
    Vendor:   
    VRAM:     7963 MB
    Driver:   31.0.15.4601
Initialize mono
Mono path[0] = 'C:/Program Files/Unity/Hub/Editor/2020.3.6f1/Editor/Data/Managed'
Mono path[1] = 'C:/Program Files/Unity/Hub/Editor/2020.3.6f1/Editor/Data/MonoBleedingEdge/lib/mono/unityjit'
Mono config path = 'C:/Program Files/Unity/Hub/Editor/2020.3.6f1/Editor/Data/MonoBleedingEdge/etc'
Using monoOptions --debugger-agent=transport=dt_socket,embedding=1,server=y,suspend=n,address=127.0.0.1:56592
Begin MonoManager ReloadAssembly
Registering precompiled unity dll's ...
Register platform support module: C:/Program Files/Unity/Hub/Editor/2020.3.6f1/Editor/Data/PlaybackEngines/WindowsStandaloneSupport/UnityEditor.WindowsStandalone.Extensions.dll
Registered in 0.001410 seconds.
Native extension for WindowsStandalone target not found
Refreshing native plugins compatible for Editor in 13.79 ms, found 0 plugins.
Preloading 0 native plugins for Editor in 0.00 ms.
Mono: successfully reloaded assembly
- Completed reload, in  0.595 seconds
Platform modules already initialized, skipping
Registering precompiled user dll's ...
Registered in 0.000545 seconds.
Begin MonoManager ReloadAssembly
Native extension for WindowsStandalone target not found
Refreshing native plugins compatible for Editor in 0.15 ms, found 0 plugins.
Preloading 0 native plugins for Editor in 0.00 ms.
Mono: successfully reloaded assembly
- Completed reload, in  0.441 seconds
Platform modules already initialized, skipping
========================================================================
Worker process is ready to serve import requests
Launched and connected shader compiler UnityShaderCompiler.exe after 0.07 seconds
Refreshing native plugins compatible for Editor in 0.16 ms, found 0 plugins.
Preloading 0 native plugins for Editor in 0.00 ms.
Unloading 1182 Unused Serialized files (Serialized files now loaded: 0)
System memory in use before: 59.0 MB.
System memory in use after: 59.1 MB.

Unloading 9 unused Assets to reduce memory usage. Loaded Objects now: 1630.
Total: 1.092300 ms (FindLiveObjects: 0.089600 ms CreateObjectMapping: 0.018400 ms MarkObjects: 0.910600 ms  DeleteObjects: 0.072700 ms)

========================================================================
Received Import Request.
  path: Assets/Architecture Scriptable Objects/Event/Game Event/GameEventSO.cs
  artifactKey: Guid(bcb6dfd1884ed5b4387ce99a322f39ac) Importer(815301076,1909f56bfc062723c751e8b465ee728b)
Start importing Assets/Architecture Scriptable Objects/Event/Game Event/GameEventSO.cs using Guid(bcb6dfd1884ed5b4387ce99a322f39ac) Importer(815301076,1909f56bfc062723c751e8b465ee728b)  -> (artifact id: '34f1cc4bf650d7b3bf88aa840c92037a') in 0.034898 seconds
  Import took 0.036231 seconds .

========================================================================
Received Import Request.
  Time since last request: 0.000674 seconds.
  path: Assets/Architecture Scriptable Objects/Event/Game Event/GameEventListener.cs
  artifactKey: Guid(98dd250affe2e1a408e523ff61118a69) Importer(815301076,1909f56bfc062723c751e8b465ee728b)
Start importing Assets/Architecture Scriptable Objects/Event/Game Event/GameEventListener.cs using Guid(98dd250affe2e1a408e523ff61118a69) Importer(815301076,1909f56bfc062723c751e8b465ee728b)  -> (artifact id: '022d8fd7f87f5dc36e4d277b423efa65') in 0.002634 seconds
  Import took 0.003820 seconds .

========================================================================
Received Import Request.
  Time since last request: 0.874903 seconds.
  path: Assets/Dialogue Editor/Editor/Graph View/DialogueEditorWindow.cs
  artifactKey: Guid(c54c741be376fc948b3e84d984d3f7fb) Importer(815301076,1909f56bfc062723c751e8b465ee728b)
Start importing Assets/Dialogue Editor/Editor/Graph View/DialogueEditorWindow.cs using Guid(c54c741be376fc948b3e84d984d3f7fb) Importer(815301076,1909f56bfc062723c751e8b465ee728b)  -> (artifact id: 'd885473a6b911fe1efc7c854c860f93c') in 0.003479 seconds
  Import took 0.004818 seconds .

========================================================================
Received Import Request.
  Time since last request: 0.020938 seconds.
  path: Assets/Dialogue Editor/Editor/Graph View/DialogueEditorWindow.cs
  artifactKey: Guid(c54c741be376fc948b3e84d984d3f7fb) Importer(815301076,1909f56bfc062723c751e8b465ee728b)
Start importing Assets/Dialogue Editor/Editor/Graph View/DialogueEditorWindow.cs using Guid(c54c741be376fc948b3e84d984d3f7fb) Importer(815301076,1909f56bfc062723c751e8b465ee728b)  -> (artifact id: 'd885473a6b911fe1efc7c854c860f93c') in 0.003270 seconds
  Import took 0.004600 seconds .

========================================================================
Received Import Request.
  Time since last request: 1.020697 seconds.
  path: Assets/Dialogue Editor/Editor/Graph View/DialogueGraphView.cs
  artifactKey: Guid(1ef19162f84f6274c9be542107446d31) Importer(815301076,1909f56bfc062723c751e8b465ee728b)
Start importing Assets/Dialogue Editor/Editor/Graph View/DialogueGraphView.cs using Guid(1ef19162f84f6274c9be542107446d31) Importer(815301076,1909f56bfc062723c751e8b465ee728b)  -> (artifact id: 'e032df5c191f122e265083a9c19fcaee') in 0.005111 seconds
  Import took 0.006482 seconds .

========================================================================
Received Import Request.
  Time since last request: 0.004266 seconds.
  path: Assets/Dialogue Editor/Editor/Graph View/DialogueGraphView.cs
  artifactKey: Guid(1ef19162f84f6274c9be542107446d31) Importer(815301076,1909f56bfc062723c751e8b465ee728b)
Start importing Assets/Dialogue Editor/Editor/Graph View/DialogueGraphView.cs using Guid(1ef19162f84f6274c9be542107446d31) Importer(815301076,1909f56bfc062723c751e8b465ee728b)  -> (artifact id: 'e032df5c191f122e265083a9c19fcaee') in 0.002710 seconds
  Import took 0.003836 seconds .

AssetImportWorkerClient::OnTransportError - code=2 error=End of file
